SplitsPaid1/proguard/seeds.txt
com.lbconsulting.splits.app.paid.R$anim: int fade_in
com.lbconsulting.splits.app.paid.R$anim: int fade_out
com.lbconsulting.splits.app.paid.R$array: int navDrawerTitles
com.lbconsulting.splits.app.paid.R$array: int settings_meet_type_entries
com.lbconsulting.splits.app.paid.R$array: int settings_meet_type_values
com.lbconsulting.splits.app.paid.R$array: int settings_split_min_duration_entries
com.lbconsulting.splits.app.paid.R$array: int settings_split_min_duration_values
com.lbconsulting.splits.app.paid.R$array: int swimming_events
com.lbconsulting.splits.app.paid.R$array: int track_events
com.lbconsulting.splits.app.paid.R$array: int units
com.lbconsulting.splits.app.paid.R$attr: int hasStickyHeaders
com.lbconsulting.splits.app.paid.R$attr: int isDrawingListUnderStickyHeader
com.lbconsulting.splits.app.paid.R$color: int almondBlanched
com.lbconsulting.splits.app.paid.R$color: int apptheme_color
com.lbconsulting.splits.app.paid.R$color: int aqua
com.lbconsulting.splits.app.paid.R$color: int aquaMarine
com.lbconsulting.splits.app.paid.R$color: int aquaMarineMedium
com.lbconsulting.splits.app.paid.R$color: int azure
com.lbconsulting.splits.app.paid.R$color: int beige
com.lbconsulting.splits.app.paid.R$color: int bisque
com.lbconsulting.splits.app.paid.R$color: int black
com.lbconsulting.splits.app.paid.R$color: int blue
com.lbconsulting.splits.app.paid.R$color: int blueAlice
com.lbconsulting.splits.app.paid.R$color: int blueCadet
com.lbconsulting.splits.app.paid.R$color: int blueCornFlower
com.lbconsulting.splits.app.paid.R$color: int blueDark
com.lbconsulting.splits.app.paid.R$color: int blueDodger
com.lbconsulting.splits.app.paid.R$color: int blueLateDark
com.lbconsulting.splits.app.paid.R$color: int blueLight
com.lbconsulting.splits.app.paid.R$color: int blueMedium
com.lbconsulting.splits.app.paid.R$color: int blueMidnight
com.lbconsulting.splits.app.paid.R$color: int bluePowder
com.lbconsulting.splits.app.paid.R$color: int blueRoyal
com.lbconsulting.splits.app.paid.R$color: int blueSky
com.lbconsulting.splits.app.paid.R$color: int blueSkyDeep
com.lbconsulting.splits.app.paid.R$color: int blueSkyLight
com.lbconsulting.splits.app.paid.R$color: int blueSlate
com.lbconsulting.splits.app.paid.R$color: int blueSlateMedium
com.lbconsulting.splits.app.paid.R$dimen: int TextSizeDialog
com.lbconsulting.splits.app.paid.R$dimen: int TextSizeHelp
com.lbconsulting.splits.app.paid.R$dimen: int TextSizeNormal
com.lbconsulting.splits.app.paid.R$dimen: int TextSizeRaceTimer
com.lbconsulting.splits.app.paid.R$dimen: int TextSizeSplitTable
com.lbconsulting.splits.app.paid.R$dimen: int activity_horizontal_margin
com.lbconsulting.splits.app.paid.R$dimen: int activity_vertical_margin
com.lbconsulting.splits.app.paid.R$dimen: int bestTimeDividerHeight
com.lbconsulting.splits.app.paid.R$dimen: int btnPadding
com.lbconsulting.splits.app.paid.R$dimen: int btnStartSplitStopHeight
com.lbconsulting.splits.app.paid.R$dimen: int btnStartSplitStopPadding
com.lbconsulting.splits.app.paid.R$dimen: int btnStartSplitStopTextSize
com.lbconsulting.splits.app.paid.R$dimen: int btnStartSplitStopWidth
com.lbconsulting.splits.app.paid.R$dimen: int create_event_horizontal_margin
com.lbconsulting.splits.app.paid.R$dimen: int dialogEntryBottomPadding
com.lbconsulting.splits.app.paid.R$dimen: int dialogEntryLeftPadding
com.lbconsulting.splits.app.paid.R$dimen: int dialogEntryRightPadding
com.lbconsulting.splits.app.paid.R$dimen: int dialogEntryTopPadding
com.lbconsulting.splits.app.paid.R$dimen: int dialogMessagePadding
com.lbconsulting.splits.app.paid.R$dimen: int frag_create_event_textview_vertical_spacing
com.lbconsulting.splits.app.paid.R$dimen: int frag_meets_listview_vertical_margin
...
com.flurry.android.Constants
com.flurry.android.Constants: byte UNKNOWN
com.flurry.android.Constants: byte FEMALE
com.flurry.android.Constants: byte MALE
com.flurry.android.FlurryAgent
com.flurry.android.FlurryAgent: java.lang.String a
com.flurry.android.FlurryAgent: FlurryAgent()
com.flurry.android.FlurryAgent: void setVersionName(java.lang.String)
com.flurry.android.FlurryAgent: int getAgentVersion()
com.flurry.android.FlurryAgent: java.lang.String getReleaseVersion()
com.flurry.android.FlurryAgent: void setReportLocation(boolean)
com.flurry.android.FlurryAgent: void setLocation(float,float)
com.flurry.android.FlurryAgent: void clearLocation()
com.flurry.android.FlurryAgent: void setLogEnabled(boolean)
com.flurry.android.FlurryAgent: void setLogLevel(int)
com.flurry.android.FlurryAgent: void setContinueSessionMillis(long)
com.flurry.android.FlurryAgent: void setLogEvents(boolean)
com.flurry.android.FlurryAgent: void setUseHttps(boolean)
com.flurry.android.FlurryAgent: boolean getUseHttps()
com.flurry.android.FlurryAgent: void setCaptureUncaughtExceptions(boolean)
com.flurry.android.FlurryAgent: void addOrigin(java.lang.String,java.lang.String)
com.flurry.android.FlurryAgent: void addOrigin(java.lang.String,java.lang.String,java.util.Map)
com.flurry.android.FlurryAgent: void onStartSession(android.content.Context,java.lang.String)
com.flurry.android.FlurryAgent: void onEndSession(android.content.Context)
com.flurry.android.FlurryAgent: void logEvent(java.lang.String)
com.flurry.android.FlurryAgent: void logEvent(java.lang.String,java.util.Map)
com.flurry.android.FlurryAgent: void logEvent(java.lang.String,boolean)
com.flurry.android.InstallReceiver
com.flurry.android.InstallReceiver: java.lang.String a
com.flurry.android.InstallReceiver: InstallReceiver()
com.flurry.android.InstallReceiver: void onReceive(android.content.Context,android.content.Intent)
com.flurry.android.InstallReceiver: void <clinit>()
com.flurry.android.impl.analytics.FlurryAnalyticsModule
com.flurry.android.impl.analytics.FlurryAnalyticsModule: com.flurry.android.impl.analytics.FlurryAnalyticsModule a
com.flurry.android.impl.analytics.FlurryAnalyticsModule: com.flurry.sdk.dd b
com.flurry.android.impl.analytics.FlurryAnalyticsModule: com.flurry.android.impl.analytics.FlurryAnalyticsModule getInstance()
com.flurry.android.impl.analytics.FlurryAnalyticsModule: FlurryAnalyticsModule()
com.flurry.android.impl.analytics.FlurryAnalyticsModule: void a(com.flurry.sdk.dj,android.content.Context)
com.flurry.android.impl.analytics.FlurryAnalyticsModule: void b(com.flurry.sdk.dj,android.content.Context)
com.flurry.android.impl.analytics.FlurryAnalyticsModule: void c(com.flurry.sdk.dj,android.content.Context)
com.flurry.android.impl.analytics.FlurryAnalyticsModule: void a(com.flurry.sdk.dj)
com.flurry.android.impl.analytics.FlurryAnalyticsModule: com.flurry.sdk.dd a()