SplitsPaid1/proguard/mapping.txt
com.flurry.sdk.dm -> com.flurry.sdk.dm:
    java.util.Timer a -> a
    com.flurry.sdk.dm$a b -> b
    com.flurry.sdk.dm$b c -> c
    void a(long) -> a
    void a() -> a
    boolean b() -> b
com.flurry.sdk.dm$a -> com.flurry.sdk.dm$a:
    com.flurry.sdk.dm$b b -> b
    com.flurry.sdk.dm a -> a
    void run() -> run
com.flurry.sdk.dm$b -> com.flurry.sdk.dm$b:
    void q() -> q
com.flurry.sdk.dn -> com.flurry.sdk.dn:
    java.lang.String a -> a
    com.flurry.sdk.dn b -> b
    com.flurry.sdk.dn a() -> a
    int b() -> b
    int c() -> c
    int d() -> d
    int e() -> e
    java.lang.String f() -> f
    java.lang.String g() -> g
    java.lang.String h() -> h
    java.lang.String i() -> i
    java.lang.String j() -> j
    boolean k() -> k
    java.util.Map l() -> l
com.flurry.sdk.do -> com.flurry.sdk.do:
    com.flurry.sdk.do a -> a
    android.content.Context b -> b
    android.os.Handler c -> c
    android.os.Handler d -> d
    void a(android.content.Context) -> a
    com.flurry.sdk.do a() -> a
    android.content.Context b() -> b
    android.content.pm.PackageManager c() -> c
    void a(java.lang.Runnable) -> a
    void a(java.lang.Runnable,long) -> a
    void b(java.lang.Runnable) -> b
    void c(java.lang.Runnable) -> c
    void b(java.lang.Runnable,long) -> b
    void d(java.lang.Runnable) -> d
com.flurry.sdk.dp -> com.flurry.sdk.dp:
    java.lang.Integer a -> a
    java.lang.Integer b -> b
    java.lang.Integer c -> c
    java.lang.Integer d -> d
    java.lang.String e -> e
    java.lang.Boolean f -> f
    java.lang.Boolean g -> g
    java.lang.String h -> h
    java.lang.Boolean i -> i
    android.location.Criteria j -> j
    java.lang.Long k -> k
    java.lang.Boolean l -> l
    java.lang.Long m -> m
    java.lang.Byte n -> n
    com.flurry.sdk.dq o -> o
    com.flurry.sdk.dq a() -> a
    void b() -> b
com.flurry.sdk.dq -> com.flurry.sdk.dq:
    java.util.Map a -> a
    java.util.Map b -> b
    void a(java.lang.String,java.lang.Object) -> a
    boolean a(java.lang.Object,java.lang.Object) -> a
    void b(java.lang.String,java.lang.Object) -> b
    java.lang.Object a(java.lang.String) -> a
    void a(java.lang.String,com.flurry.sdk.dq$a) -> a
    boolean b(java.lang.String,com.flurry.sdk.dq$a) -> b
com.flurry.sdk.dq$a -> com.flurry.sdk.dq$a:
    void a(java.lang.String,java.lang.Object) -> a
com.flurry.sdk.dr -> com.flurry.sdk.dr:
    com.flurry.sdk.dr a -> a
    com.flurry.sdk.dr b -> b
    com.flurry.sdk.dr c -> c
    int d -> d
    boolean e -> e
    com.flurry.sdk.dr[] f -> f
    com.flurry.sdk.dr[] values() -> values
    com.flurry.sdk.dr valueOf(java.lang.String) -> valueOf
com.flurry.sdk.ds -> com.flurry.sdk.ds:
    java.util.Map a -> a
    int b -> b
    void a() -> a
    java.util.List a(java.lang.Object) -> a
    void a(java.lang.Object,java.lang.Object) -> a
    void a(com.flurry.sdk.ds) -> a
    boolean b(java.lang.Object,java.lang.Object) -> b
    boolean b(java.lang.Object) -> b
    java.util.Collection b() -> b
    java.util.Set c() -> c
    java.util.List a(java.lang.Object,boolean) -> a
com.flurry.sdk.dt -> com.flurry.sdk.dt:
    java.util.List a -> a
    void a(java.lang.Object) -> a
    boolean b(java.lang.Object) -> b
    java.util.List a() -> a
    int b() -> b
com.flurry.sdk.du -> com.flurry.sdk.du:
    void a(android.app.Activity,com.flurry.sdk.du$a) -> a
com.flurry.sdk.du$a -> com.flurry.sdk.du$a:
    com.flurry.sdk.du$a a -> a
    com.flurry.sdk.du$a b -> b
    com.flurry.sdk.du$a c -> c
    com.flurry.sdk.du$a d -> d
    com.flurry.sdk.du$a e -> e
    com.flurry.sdk.du$a f -> f
    com.flurry.sdk.du$a g -> g
    com.flurry.sdk.du$a[] h -> h
    com.flurry.sdk.du$a[] values() -> values
    com.flurry.sdk.du$a valueOf(java.lang.String) -> valueOf