SplitsPaid1/proguard/usage.txt
com.lbconsulting.splits.app.paid.BuildConfig
com.lbconsulting.splits.app.paid.R
com.lbconsulting.splits.app.paid.R$anim
com.lbconsulting.splits.app.paid.R$array
com.lbconsulting.splits.app.paid.R$attr
com.lbconsulting.splits.app.paid.R$color
com.lbconsulting.splits.app.paid.R$dimen
com.lbconsulting.splits.app.paid.R$drawable
com.lbconsulting.splits.app.paid.R$id
com.lbconsulting.splits.app.paid.R$integer
com.lbconsulting.splits.app.paid.R$layout
com.lbconsulting.splits.app.paid.R$menu
com.lbconsulting.splits.app.paid.R$plurals
com.lbconsulting.splits.app.paid.R$string
com.lbconsulting.splits.app.paid.R$style
com.lbconsulting.splits.app.paid.R$styleable
com.lbconsulting.splits.app.paid.R$xml
...
com.lbconsulting.splits.dialogs.Deletion_Alert_DialogFragment:
    private static final java.lang.String DIALOG_TITLE
    private static final java.lang.String DIALOG_MESSAGE
    private static final java.lang.String DIALOG_MEET_TYPE
    private static final java.lang.String DIALOG_TYPE
com.lbconsulting.splits.dialogs.EditText_DialogFragment:
    private static final java.lang.String DIALOG_TITLE
    private static final java.lang.String DIALOG_ITEM_ID
    private static final java.lang.String DIALOG_ITEM_TEXT
    private static final java.lang.String DIALOG_TYPE
com.lbconsulting.splits.dialogs.Help_DialogFragment:
    private static final java.lang.String DIALOG_MESSAGE
com.lbconsulting.splits.dialogs.Number_Picker_DialogFragment:
    private static final java.lang.String DIALOG_TITLE
    private static final java.lang.String DIALOG_RACE_ID
    private static final java.lang.String DIALOG_IS_RELAY
    private static final java.lang.String DIALOG_NUMBER_FORMAT
    private static final int HOURS
    private static final int MINUTES
    private static final int SECONDS
    private static final int MILLIS
com.lbconsulting.splits.dialogs.PlayStore_DialogFragment:
    private static final java.lang.String DIALOG_TITLE
    private static final java.lang.String DIALOG_ITEM_MESSAGE
com.lbconsulting.splits.fragments.Athletes_Fragment:
    65:65:public static int getFragmentID()
com.lbconsulting.splits.fragments.Create_Event_Fragment:
    69:69:public static int getFragmentID()
com.lbconsulting.splits.fragments.Events_Fragment:
    64:64:public static int getFragmentID()
com.lbconsulting.splits.fragments.Meets_Fragment:
    74:74:public static int getFragmentID()
com.lbconsulting.splits.fragments.Results_AllRaces_Fragment:
    83:83:public static int getFragmentID()
com.lbconsulting.splits.fragments.Results_BestTimes_Fragment:
    83:83:public static int getFragmentID()
com.lbconsulting.splits.fragments.Results_RaceSplitsFragment:
    74:74:public static int getFragmentID()
com.lbconsulting.splits.fragments.Results_RelaySplitsFragment:
    74:74:public static int getFragmentID()
de.greenrobot.event.EventBus:
    private static final java.lang.String DEFAULT_METHOD_NAME
    85:87:public static void clearCaches()
    95:96:public static void skipMethodVerificationFor(java.lang.Class)
    100:101:public static void clearSkipMethodNameVerifications()
    123:127:public void configureLogSubscriberExceptions(boolean)
    150:151:public void register(java.lang.Object,int)
    158:159:public void register(java.lang.Object,java.lang.String)
    166:167:public void registerSticky(java.lang.Object)
    174:175:public void registerSticky(java.lang.Object,int)
    182:183:public void registerSticky(java.lang.Object,java.lang.String)
    198:199:public varargs void register(java.lang.Object,java.lang.Class,java.lang.Class[])
    206:207:public varargs void register(java.lang.Object,java.lang.String,java.lang.Class,java.lang.Class[])
    214:215:public varargs void registerSticky(java.lang.Object,java.lang.Class,java.lang.Class[])
    222:223:public varargs void registerSticky(java.lang.Object,java.lang.String,java.lang.Class,java.lang.Class[])
    227:242:private synchronized varargs void register(java.lang.Object,java.lang.String,boolean,java.lang.Class,java.lang.Class[])
    294:294:public synchronized boolean isRegistered(java.lang.Object)
    302:317:public synchronized varargs void unregister(java.lang.Object,java.lang.Class[])
    381:394:public void cancelEventDelivery(java.lang.Object)
    402:407:public void postSticky(java.lang.Object)
de.greenrobot.event.EventBus$PostCallback
de.greenrobot.event.EventBusException:
    33:34:public EventBusException(java.lang.Throwable)
    37:38:public EventBusException(java.lang.String,java.lang.Throwable)